Using pre-set license
Built from '2021.3/china_unity/release' branch; Version is '2021.3.0f1c1 (c833db084d5b) revision 13120475'; Using compiler version '192829333'; Build Type 'Release'
OS: 'Windows 11  (10.0.22000) 64bit CoreCountrySpecific' Language: 'zh' Physical Memory: 16317 MB
BatchMode: 1, IsHumanControllingUs: 0, StartBugReporterOnCrash: 0, Is64bit: 1, IsPro: 1

COMMAND LINE ARGUMENTS:
D:\UnityHub\UnityEditor\2021.3.0f1c1\Editor\Unity.exe
-adb2
-batchMode
-noUpm
-name
AssetImportWorker0
-projectPath
E:/UnityProject/ShaderEditor/Client
-logFile
Logs/AssetImportWorker0.log
-srvPort
50298
Successfully changed project path to: E:/UnityProject/ShaderEditor/Client
E:/UnityProject/ShaderEditor/Client
[UnityMemory] Configuration Parameters - Can be set up in boot.config
    "memorysetup-bucket-allocator-granularity=16"
    "memorysetup-bucket-allocator-bucket-count=8"
    "memorysetup-bucket-allocator-block-size=33554432"
    "memorysetup-bucket-allocator-block-count=8"
    "memorysetup-main-allocator-block-size=16777216"
    "memorysetup-thread-allocator-block-size=16777216"
    "memorysetup-gfx-main-allocator-block-size=16777216"
    "memorysetup-gfx-thread-allocator-block-size=16777216"
    "memorysetup-cache-allocator-block-size=4194304"
    "memorysetup-typetree-allocator-block-size=2097152"
    "memorysetup-profiler-bucket-allocator-granularity=16"
    "memorysetup-profiler-bucket-allocator-bucket-count=8"
    "memorysetup-profiler-bucket-allocator-block-size=33554432"
    "memorysetup-profiler-bucket-allocator-block-count=8"
    "memorysetup-profiler-allocator-block-size=16777216"
    "memorysetup-profiler-editor-allocator-block-size=1048576"
    "memorysetup-temp-allocator-size-main=16777216"
    "memorysetup-job-temp-allocator-block-size=2097152"
    "memorysetup-job-temp-allocator-block-size-background=1048576"
    "memorysetup-job-temp-allocator-reduction-small-platforms=262144"
    "memorysetup-temp-allocator-size-background-worker=32768"
    "memorysetup-temp-allocator-size-job-worker=262144"
    "memorysetup-temp-allocator-size-preload-manager=33554432"
    "memorysetup-temp-allocator-size-nav-mesh-worker=65536"
    "memorysetup-temp-allocator-size-audio-worker=65536"
    "memorysetup-temp-allocator-size-cloud-worker=32768"
    "memorysetup-temp-allocator-size-gi-baking-worker=262144"
    "memorysetup-temp-allocator-size-gfx=262144"
AS: AutoStreaming module initializing.
Refreshing native plugins compatible for Editor in 83.08 ms, found 3 plugins.
Preloading 0 native plugins for Editor in 0.00 ms.
Initialize engine version: 2021.3.0f1c1 (c833db084d5b)
[Subsystems] Discovering subsystems at path D:/UnityHub/UnityEditor/2021.3.0f1c1/Editor/Data/Resources/UnitySubsystems
[Subsystems] Discovering subsystems at path E:/UnityProject/ShaderEditor/Client/Assets
GfxDevice: creating device client; threaded=0; jobified=0
Direct3D:
    Version:  Direct3D 11.0 [level 11.1]
    Renderer: AMD Radeon RX 580 2048SP (ID=0x6fdf)
    Vendor:   ATI
    VRAM:     4075 MB
    Driver:   30.0.13023.4001
Initialize mono
Mono path[0] = 'D:/UnityHub/UnityEditor/2021.3.0f1c1/Editor/Data/Managed'
Mono path[1] = 'D:/UnityHub/UnityEditor/2021.3.0f1c1/Editor/Data/MonoBleedingEdge/lib/mono/unityjit-win32'
Mono config path = 'D:/UnityHub/UnityEditor/2021.3.0f1c1/Editor/Data/MonoBleedingEdge/etc'
Using monoOptions --debugger-agent=transport=dt_socket,embedding=1,server=y,suspend=n,address=127.0.0.1:56024
Begin MonoManager ReloadAssembly
Registering precompiled unity dll's ...
Register platform support module: D:/UnityHub/UnityEditor/2021.3.0f1c1/Editor/Data/PlaybackEngines/WindowsStandaloneSupport/UnityEditor.WindowsStandalone.Extensions.dll
Registered in 0.003970 seconds.
Native extension for WindowsStandalone target not found
Refreshing native plugins compatible for Editor in 83.70 ms, found 3 plugins.
Preloading 0 native plugins for Editor in 0.00 ms.
Mono: successfully reloaded assembly
- Completed reload, in  0.719 seconds
Domain Reload Profiling:
	ReloadAssembly (720ms)
		BeginReloadAssembly (82ms)
			ExecutionOrderSort (0ms)
			DisableScriptedObjects (0ms)
			BackupInstance (0ms)
			ReleaseScriptingObjects (0ms)
			CreateAndSetChildDomain (1ms)
		EndReloadAssembly (509ms)
			LoadAssemblies (79ms)
			RebuildTransferFunctionScriptingTraits (0ms)
			SetupTypeCache (119ms)
			ReleaseScriptCaches (0ms)
			RebuildScriptCaches (30ms)
			SetupLoadedEditorAssemblies (301ms)
				LogAssemblyErrors (0ms)
				InitializePlatformSupportModulesInManaged (8ms)
				SetLoadedEditorAssemblies (0ms)
				RefreshPlugins (84ms)
				BeforeProcessingInitializeOnLoad (2ms)
				ProcessInitializeOnLoadAttributes (149ms)
				ProcessInitializeOnLoadMethodAttributes (59ms)
				AfterProcessingInitializeOnLoad (0ms)
				EditorAssembliesLoaded (0ms)
			ExecutionOrderSort2 (0ms)
			AwakeInstancesAfterBackupRestoration (0ms)
Platform modules already initialized, skipping
Registering precompiled user dll's ...
Registered in 0.014592 seconds.
Begin MonoManager ReloadAssembly
Symbol file LoadedFromMemory doesn't match image E:\UnityProject\ShaderEditor\Client\Library\PackageCache\com.unity.visualscripting@1.7.6\Editor\VisualScripting.Core\Dependencies\YamlDotNet\Unity.VisualScripting.YamlDotNet.dll
Symbol file LoadedFromMemory is not a mono symbol file
Symbol file LoadedFromMemory doesn't match image E:\UnityProject\ShaderEditor\Client\Library\PackageCache\com.unity.visualscripting@1.7.6\Editor\VisualScripting.Core\Dependencies\DotNetZip\Unity.VisualScripting.IonicZip.dll
Native extension for WindowsStandalone target not found
Refreshing native plugins compatible for Editor in 0.62 ms, found 3 plugins.
Preloading 0 native plugins for Editor in 0.00 ms.
Mono: successfully reloaded assembly
- Completed reload, in  1.152 seconds
Domain Reload Profiling:
	ReloadAssembly (1153ms)
		BeginReloadAssembly (132ms)
			ExecutionOrderSort (0ms)
			DisableScriptedObjects (7ms)
			BackupInstance (0ms)
			ReleaseScriptingObjects (0ms)
			CreateAndSetChildDomain (21ms)
		EndReloadAssembly (876ms)
			LoadAssemblies (114ms)
			RebuildTransferFunctionScriptingTraits (0ms)
			SetupTypeCache (288ms)
			ReleaseScriptCaches (1ms)
			RebuildScriptCaches (56ms)
			SetupLoadedEditorAssemblies (371ms)
				LogAssemblyErrors (0ms)
				InitializePlatformSupportModulesInManaged (5ms)
				SetLoadedEditorAssemblies (1ms)
				RefreshPlugins (1ms)
				BeforeProcessingInitializeOnLoad (83ms)
				ProcessInitializeOnLoadAttributes (246ms)
				ProcessInitializeOnLoadMethodAttributes (27ms)
				AfterProcessingInitializeOnLoad (9ms)
				EditorAssembliesLoaded (0ms)
			ExecutionOrderSort2 (0ms)
			AwakeInstancesAfterBackupRestoration (6ms)
Platform modules already initialized, skipping
========================================================================
Worker process is ready to serve import requests
Launched and connected shader compiler UnityShaderCompiler.exe after 0.06 seconds
Refreshing native plugins compatible for Editor in 0.86 ms, found 3 plugins.
Preloading 0 native plugins for Editor in 0.00 ms.
Unloading 3230 Unused Serialized files (Serialized files now loaded: 0)
Unloading 22 unused Assets / (244.5 KB). Loaded Objects now: 3693.
Memory consumption went from 113.9 MB to 113.7 MB.
Total: 3.838700 ms (FindLiveObjects: 0.412100 ms CreateObjectMapping: 0.161800 ms MarkObjects: 3.073700 ms  DeleteObjects: 0.189500 ms)

AssetImportParameters requested are different than current active one (requested -> active):
  custom:video-decoder-ogg-theora: a1e56fd34408186e4bbccfd4996cb3dc -> 
  custom:container-muxer-webm: aa71ff27fc2769a1b78a27578f13a17b -> 
  custom:container-demuxer-webm: 4f35f7cbe854078d1ac9338744f61a02 -> 
  custom:video-encoder-webm-vp8: eb34c28f22e8b96e1ab97ce403110664 -> 
  custom:audio-encoder-webm-vorbis: bf7c407c2cedff20999df2af8eb42d56 -> 
  custom:framework-win-MediaFoundation: 216162199b28c13a410421893ffa2e32 -> 
  custom:container-demuxer-ogg: 62fdf1f143b41e24485cea50d1cbac27 -> 
  custom:video-decoder-webm-vp8: 9c59270c3fd7afecdb556c50c9e8de78 -> 
  custom:audio-decoder-ogg-vorbis: bf7c407c2cedff20999df2af8eb42d56 -> 
========================================================================
Received Import Request.
  Time since last request: 279301.578090 seconds.
  path: Assets/Shader/NewUnlitShader.shader
  artifactKey: Guid(4201bc3520cb6054c9a4349422307ebd) Importer(815301076,1909f56bfc062723c751e8b465ee728b)
Start importing Assets/Shader/NewUnlitShader.shader using Guid(4201bc3520cb6054c9a4349422307ebd) Importer(815301076,1909f56bfc062723c751e8b465ee728b)  -> (artifact id: 'fa61339a9e1c2fe7cca36f1d35923fc8') in 0.065642 seconds 
========================================================================
Received Import Request.
  Time since last request: 15.296405 seconds.
  path: Assets/Shader/DiffuseVertex.shader
  artifactKey: Guid(4201bc3520cb6054c9a4349422307ebd) Importer(815301076,1909f56bfc062723c751e8b465ee728b)
Start importing Assets/Shader/DiffuseVertex.shader using Guid(4201bc3520cb6054c9a4349422307ebd) Importer(815301076,1909f56bfc062723c751e8b465ee728b)  -> (artifact id: '6238250f96b8f3e0c2868b161acbef24') in 0.008719 seconds 
========================================================================
Received Import Request.
  Time since last request: 1356.355687 seconds.
  path: Assets/Shader/DiffuseVertex.shader
  artifactKey: Guid(4201bc3520cb6054c9a4349422307ebd) Importer(815301076,1909f56bfc062723c751e8b465ee728b)
Start importing Assets/Shader/DiffuseVertex.shader using Guid(4201bc3520cb6054c9a4349422307ebd) Importer(815301076,1909f56bfc062723c751e8b465ee728b)  -> (artifact id: 'aa2a40c703ccc257a10821c92c5845dc') in 0.018844 seconds 
========================================================================
Received Import Request.
  Time since last request: 23.696778 seconds.
  path: Assets/Shader/DiffuseVertex.shader
  artifactKey: Guid(4201bc3520cb6054c9a4349422307ebd) Importer(815301076,1909f56bfc062723c751e8b465ee728b)
Start importing Assets/Shader/DiffuseVertex.shader using Guid(4201bc3520cb6054c9a4349422307ebd) Importer(815301076,1909f56bfc062723c751e8b465ee728b)  -> (artifact id: 'f13e7bafa2e707b290092a63ea395b10') in 0.024412 seconds 
========================================================================
Received Import Request.
  Time since last request: 63.843619 seconds.
  path: Assets/Shader/DiffuseVertex.shader
  artifactKey: Guid(4201bc3520cb6054c9a4349422307ebd) Importer(815301076,1909f56bfc062723c751e8b465ee728b)
Start importing Assets/Shader/DiffuseVertex.shader using Guid(4201bc3520cb6054c9a4349422307ebd) Importer(815301076,1909f56bfc062723c751e8b465ee728b)  -> (artifact id: '50c1371a8e43c4ee53948b1f820d1fad') in 0.006599 seconds 
========================================================================
Received Import Request.
  Time since last request: 129.409794 seconds.
  path: Assets/Shader/DiffuseVertex.shader
  artifactKey: Guid(4201bc3520cb6054c9a4349422307ebd) Importer(815301076,1909f56bfc062723c751e8b465ee728b)
Start importing Assets/Shader/DiffuseVertex.shader using Guid(4201bc3520cb6054c9a4349422307ebd) Importer(815301076,1909f56bfc062723c751e8b465ee728b)  -> (artifact id: '6250763e69f09dee4f3517e89d12abda') in 0.006512 seconds 
========================================================================
Received Import Request.
  Time since last request: 22.833365 seconds.
  path: Assets/Shader/DiffuseVertex.shader
  artifactKey: Guid(4201bc3520cb6054c9a4349422307ebd) Importer(815301076,1909f56bfc062723c751e8b465ee728b)
Start importing Assets/Shader/DiffuseVertex.shader using Guid(4201bc3520cb6054c9a4349422307ebd) Importer(815301076,1909f56bfc062723c751e8b465ee728b)  -> (artifact id: '738536cc5586dac524b7c7698cf8b6e7') in 0.010972 seconds 
========================================================================
Received Import Request.
  Time since last request: 21.555588 seconds.
  path: Assets/Shader/DiffuseVertex.shader
  artifactKey: Guid(4201bc3520cb6054c9a4349422307ebd) Importer(815301076,1909f56bfc062723c751e8b465ee728b)
Start importing Assets/Shader/DiffuseVertex.shader using Guid(4201bc3520cb6054c9a4349422307ebd) Importer(815301076,1909f56bfc062723c751e8b465ee728b)  -> (artifact id: 'e336a22489ea67357904b4b6afeb6186') in 0.007167 seconds 
